<?xml version="1.0" encoding="UTF-8"?>
<!-- Generated by org.testng.reporters.JUnitReportReporter -->
<testsuite skipped="0" hostname="VR" name="testcase.TC_005_DuplicateLeads" tests="2" failures="0" timestamp="2020-03-18T20:58:57 IST" time="140.795" errors="0">
  <testcase name="duplicateLeadsMethod" time="74.921" classname="testcase.TC_005_DuplicateLeads"/>
  <testcase name="duplicateLeadsMethod" time="65.874" classname="testcase.TC_005_DuplicateLeads"/>
</testsuite> <!-- testcase.TC_005_DuplicateLeads -->
