<?xml version="1.0" encoding="UTF-8"?>
<!-- Generated by org.testng.reporters.JUnitReportReporter -->
<testsuite skipped="0" hostname="VR" name="testcase.TC_001_CreateLead" tests="2" failures="0" timestamp="2020-03-18T11:19:19 IST" time="102.293" errors="0">
  <testcase name="createLeadMethod" time="52.153" classname="testcase.TC_001_CreateLead"/>
  <testcase name="createLeadMethod" time="50.140" classname="testcase.TC_001_CreateLead"/>
</testsuite> <!-- testcase.TC_001_CreateLead -->
