<?xml version="1.0" encoding="UTF-8"?>
<!-- Generated by org.testng.reporters.JUnitReportReporter -->
<testsuite skipped="0" hostname="VR" name="testcase.TC_001_Login" tests="1" failures="0" timestamp="2020-03-17T19:40:40 IST" time="23.519" errors="0">
  <testcase name="loginMethod" time="23.519" classname="testcase.TC_001_Login"/>
</testsuite> <!-- testcase.TC_001_Login -->
