<?xml version="1.0" encoding="UTF-8"?>
<!-- Generated by org.testng.reporters.JUnitReportReporter -->
<testsuite skipped="0" hostname="VR" name="testcase.TC_004_MergeLeads" tests="1" failures="0" timestamp="2020-03-18T20:58:57 IST" time="93.497" errors="0">
  <testcase name="mergeLeadsMethod" time="93.497" classname="testcase.TC_004_MergeLeads"/>
</testsuite> <!-- testcase.TC_004_MergeLeads -->
