<?xml version="1.0" encoding="UTF-8"?>
<!-- Generated by org.testng.reporters.JUnitReportReporter -->
<testsuite skipped="0" hostname="VR" name="testcase.TC_003_EditLeads" tests="2" failures="0" timestamp="2020-03-18T20:58:57 IST" time="145.030" errors="0">
  <testcase name="editLeadsMethos" time="65.272" classname="testcase.TC_003_EditLeads"/>
  <testcase name="editLeadsMethos" time="79.758" classname="testcase.TC_003_EditLeads"/>
</testsuite> <!-- testcase.TC_003_EditLeads -->
